d:\github\particle-simulator\desktop application\debug\desktop application.pch
d:\github\particle-simulator\desktop application\debug\vc141.pdb
d:\github\particle-simulator\desktop application\debug\vc141.idb
d:\github\particle-simulator\desktop application\debug\stdafx.obj
d:\github\particle-simulator\desktop application\debug\desktopapplication.obj
d:\github\particle-simulator\desktop application\debug\desktopapplication.res
d:\github\particle-simulator\desktop application\debug\desktop application.pdb
d:\github\particle-simulator\desktop application\debug\desktop .974883e4.tlog\cl.command.1.tlog
d:\github\particle-simulator\desktop application\debug\desktop .974883e4.tlog\cl.read.1.tlog
d:\github\particle-simulator\desktop application\debug\desktop .974883e4.tlog\cl.write.1.tlog
d:\github\particle-simulator\desktop application\debug\desktop .974883e4.tlog\link-cvtres.read.1.tlog
d:\github\particle-simulator\desktop application\debug\desktop .974883e4.tlog\link-cvtres.write.1.tlog
d:\github\particle-simulator\desktop application\debug\desktop .974883e4.tlog\link-rc.read.1.tlog
d:\github\particle-simulator\desktop application\debug\desktop .974883e4.tlog\link-rc.write.1.tlog
d:\github\particle-simulator\desktop application\debug\desktop .974883e4.tlog\link.7780-cvtres.read.1.tlog
d:\github\particle-simulator\desktop application\debug\desktop .974883e4.tlog\link.7780-cvtres.write.1.tlog
d:\github\particle-simulator\desktop application\debug\desktop .974883e4.tlog\link.7780-rc.read.1.tlog
d:\github\particle-simulator\desktop application\debug\desktop .974883e4.tlog\link.7780-rc.write.1.tlog
d:\github\particle-simulator\desktop application\debug\desktop .974883e4.tlog\link.7780.read.1.tlog
d:\github\particle-simulator\desktop application\debug\desktop .974883e4.tlog\link.7780.write.1.tlog
d:\github\particle-simulator\desktop application\debug\desktop .974883e4.tlog\link.command.1.tlog
d:\github\particle-simulator\desktop application\debug\desktop .974883e4.tlog\link.read.1.tlog
d:\github\particle-simulator\desktop application\debug\desktop .974883e4.tlog\link.write.1.tlog
d:\github\particle-simulator\desktop application\debug\desktop .974883e4.tlog\rc.command.1.tlog
d:\github\particle-simulator\desktop application\debug\desktop .974883e4.tlog\rc.read.1.tlog
d:\github\particle-simulator\desktop application\debug\desktop .974883e4.tlog\rc.write.1.tlog
